Build started 08-May-18 6:20:48 PM.
     1>Project "c:\Users\ashar sarwar\documents\visual studio 2010\Projects\studentwala\studentwala\studentwala.vcxproj" on node 2 (build target(s)).
     1>InitializeBuildStatus:
         Creating "Debug\studentwala.unsuccessfulbuild" because "AlwaysCreate" was specified.
       ClCompile:
         All outputs are up-to-date.
         C:\Program Files (x86)\Microsoft Visual Studio 10.0\VC\bin\CL.exe /c /ZI /nologo /W3 /WX- /Od /Oy- /D WIN32 /D _DEBUG /D _CONSOLE /D _UNICODE /D UNICODE /Gm /EHsc /RTC1 /MDd /GS /fp:precise /Zc:wchar_t /Zc:forScope /Yu"StdAfx.h" /Fp"Debug\studentwala.pch" /Fo"Debug\\" /Fd"Debug\vc100.pdb" /Gd /TP /analyze- /errorReport:prompt studentwala.cpp
         studentwala.cpp
     1>c:\users\ashar sarwar\documents\visual studio 2010\projects\studentwala\studentwala\student.h(37): warning C4715: 'student::getCourse' : not all control paths return a value
       ManifestResourceCompile:
         All outputs are up-to-date.
       Link:
         C:\Program Files (x86)\Microsoft Visual Studio 10.0\VC\bin\link.exe /ERRORREPORT:PROMPT /OUT:"c:\users\ashar sarwar\documents\visual studio 2010\Projects\studentwala\Debug\studentwala.exe" /INCREMENTAL /NOLOGO kernel32.lib user32.lib gdi32.lib winspool.lib comdlg32.lib advapi32.lib shell32.lib ole32.lib oleaut32.lib uuid.lib odbc32.lib odbccp32.lib /MANIFEST /ManifestFile:"Debug\studentwala.exe.intermediate.manifest" /MANIFESTUAC:"level='asInvoker' uiAccess='false'" /DEBUG /PDB:"c:\users\ashar sarwar\documents\visual studio 2010\Projects\studentwala\Debug\studentwala.pdb" /SUBSYSTEM:CONSOLE /TLBID:1 /DYNAMICBASE /NXCOMPAT /IMPLIB:"c:\users\ashar sarwar\documents\visual studio 2010\Projects\studentwala\Debug\studentwala.lib" /MACHINE:X86 Debug\studentwala.exe.embed.manifest.res
         Debug\stdafx.obj
         Debug\studentwala.obj
       Manifest:
         C:\Program Files (x86)\Microsoft SDKs\Windows\v7.0A\bin\mt.exe /nologo /verbose /out:"Debug\studentwala.exe.embed.manifest" /manifest Debug\studentwala.exe.intermediate.manifest
         All outputs are up-to-date.
       LinkEmbedManifest:
         All outputs are up-to-date.
         studentwala.vcxproj -> c:\users\ashar sarwar\documents\visual studio 2010\Projects\studentwala\Debug\studentwala.exe
       FinalizeBuildStatus:
         Deleting file "Debug\studentwala.unsuccessfulbuild".
         Touching "Debug\studentwala.lastbuildstate".
     1>Done Building Project "c:\Users\ashar sarwar\documents\visual studio 2010\Projects\studentwala\studentwala\studentwala.vcxproj" (build target(s)).

Build succeeded.

Time Elapsed 00:00:01.20
