Build started 26-Mar-18 3:22:10 PM.
     1>Project "C:\Users\Ashar Sarwar\Documents\Visual Studio 2010\Projects\Points\Points\Points.vcxproj" on node 2 (build target(s)).
     1>InitializeBuildStatus:
         Creating "Debug\Points.unsuccessfulbuild" because "AlwaysCreate" was specified.
       ClCompile:
         All outputs are up-to-date.
         C:\Program Files (x86)\Microsoft Visual Studio 10.0\VC\bin\CL.exe /c /ZI /nologo /W3 /WX- /Od /Oy- /D WIN32 /D _DEBUG /D _CONSOLE /D _UNICODE /D UNICODE /Gm /EHsc /RTC1 /MDd /GS /fp:precise /Zc:wchar_t /Zc:forScope /Yu"StdAfx.h" /Fp"Debug\Points.pch" /Fo"Debug\\" /Fd"Debug\vc100.pdb" /Gd /TP /analyze- /errorReport:prompt main.cpp
         main.cpp
       ManifestResourceCompile:
         All outputs are up-to-date.
       Link:
         C:\Program Files (x86)\Microsoft Visual Studio 10.0\VC\bin\link.exe /ERRORREPORT:PROMPT /OUT:"C:\Users\Ashar Sarwar\Documents\Visual Studio 2010\Projects\Points\Debug\Points.exe" /INCREMENTAL /NOLOGO kernel32.lib user32.lib gdi32.lib winspool.lib comdlg32.lib advapi32.lib shell32.lib ole32.lib oleaut32.lib uuid.lib odbc32.lib odbccp32.lib /MANIFEST /ManifestFile:"Debug\Points.exe.intermediate.manifest" /MANIFESTUAC:"level='asInvoker' uiAccess='false'" /DEBUG /PDB:"C:\Users\Ashar Sarwar\Documents\Visual Studio 2010\Projects\Points\Debug\Points.pdb" /SUBSYSTEM:CONSOLE /TLBID:1 /DYNAMICBASE /NXCOMPAT /IMPLIB:"C:\Users\Ashar Sarwar\Documents\Visual Studio 2010\Projects\Points\Debug\Points.lib" /MACHINE:X86 Debug\Points.exe.embed.manifest.res
         Debug\main.obj
         Debug\Points.obj
         Debug\stdafx.obj
       Manifest:
         C:\Program Files (x86)\Microsoft SDKs\Windows\v7.0A\bin\mt.exe /nologo /verbose /out:"Debug\Points.exe.embed.manifest" /manifest Debug\Points.exe.intermediate.manifest
         All outputs are up-to-date.
       LinkEmbedManifest:
         All outputs are up-to-date.
         Points.vcxproj -> C:\Users\Ashar Sarwar\Documents\Visual Studio 2010\Projects\Points\Debug\Points.exe
       FinalizeBuildStatus:
         Deleting file "Debug\Points.unsuccessfulbuild".
         Touching "Debug\Points.lastbuildstate".
     1>Done Building Project "C:\Users\Ashar Sarwar\Documents\Visual Studio 2010\Projects\Points\Points\Points.vcxproj" (build target(s)).

Build succeeded.

Time Elapsed 00:00:03.68
