C:\USERS\ASHAR SARWAR\DOCUMENTS\VISUAL STUDIO 2010\PROJECTS\POINTS\DEBUG\POINTS.EXE
C:\USERS\ASHAR SARWAR\DOCUMENTS\VISUAL STUDIO 2010\PROJECTS\POINTS\DEBUG\POINTS.ILK
C:\USERS\ASHAR SARWAR\DOCUMENTS\VISUAL STUDIO 2010\PROJECTS\POINTS\DEBUG\POINTS.PDB
C:\Users\Ashar Sarwar\documents\visual studio 2010\Projects\Points\Points\Debug\cl.command.1.tlog
C:\Users\Ashar Sarwar\documents\visual studio 2010\Projects\Points\Points\Debug\CL.read.1.tlog
C:\Users\Ashar Sarwar\documents\visual studio 2010\Projects\Points\Points\Debug\CL.write.1.tlog
C:\Users\Ashar Sarwar\documents\visual studio 2010\Projects\Points\Points\Debug\link.5988.read.1.tlog
C:\Users\Ashar Sarwar\documents\visual studio 2010\Projects\Points\Points\Debug\link.5988.write.1.tlog
C:\Users\Ashar Sarwar\documents\visual studio 2010\Projects\Points\Points\Debug\link.5988-cvtres.read.1.tlog
C:\Users\Ashar Sarwar\documents\visual studio 2010\Projects\Points\Points\Debug\link.5988-cvtres.write.1.tlog
C:\Users\Ashar Sarwar\documents\visual studio 2010\Projects\Points\Points\Debug\link.command.1.tlog
C:\Users\Ashar Sarwar\documents\visual studio 2010\Projects\Points\Points\Debug\link.read.1.tlog
C:\Users\Ashar Sarwar\documents\visual studio 2010\Projects\Points\Points\Debug\link.write.1.tlog
C:\Users\Ashar Sarwar\documents\visual studio 2010\Projects\Points\Points\Debug\link-cvtres.read.1.tlog
C:\Users\Ashar Sarwar\documents\visual studio 2010\Projects\Points\Points\Debug\link-cvtres.write.1.tlog
C:\USERS\ASHAR SARWAR\DOCUMENTS\VISUAL STUDIO 2010\PROJECTS\POINTS\POINTS\DEBUG\MAIN.OBJ
C:\Users\Ashar Sarwar\documents\visual studio 2010\Projects\Points\Points\Debug\mt.command.1.tlog
C:\Users\Ashar Sarwar\documents\visual studio 2010\Projects\Points\Points\Debug\mt.read.1.tlog
C:\Users\Ashar Sarwar\documents\visual studio 2010\Projects\Points\Points\Debug\mt.write.1.tlog
C:\USERS\ASHAR SARWAR\DOCUMENTS\VISUAL STUDIO 2010\PROJECTS\POINTS\POINTS\DEBUG\POINTS.EXE.EMBED.MANIFEST
C:\USERS\ASHAR SARWAR\DOCUMENTS\VISUAL STUDIO 2010\PROJECTS\POINTS\POINTS\DEBUG\POINTS.EXE.EMBED.MANIFEST.RES
C:\USERS\ASHAR SARWAR\DOCUMENTS\VISUAL STUDIO 2010\PROJECTS\POINTS\POINTS\DEBUG\POINTS.EXE.INTERMEDIATE.MANIFEST
C:\USERS\ASHAR SARWAR\DOCUMENTS\VISUAL STUDIO 2010\PROJECTS\POINTS\POINTS\DEBUG\POINTS.OBJ
C:\USERS\ASHAR SARWAR\DOCUMENTS\VISUAL STUDIO 2010\PROJECTS\POINTS\POINTS\DEBUG\POINTS.PCH
C:\Users\Ashar Sarwar\documents\visual studio 2010\Projects\Points\Points\Debug\Points.vcxprojResolveAssemblyReference.cache
C:\Users\Ashar Sarwar\documents\visual studio 2010\Projects\Points\Points\Debug\Points.write.1.tlog
C:\Users\Ashar Sarwar\documents\visual studio 2010\Projects\Points\Points\Debug\Points_manifest.rc
C:\Users\Ashar Sarwar\documents\visual studio 2010\Projects\Points\Points\Debug\rc.command.1.tlog
C:\Users\Ashar Sarwar\documents\visual studio 2010\Projects\Points\Points\Debug\rc.read.1.tlog
C:\Users\Ashar Sarwar\documents\visual studio 2010\Projects\Points\Points\Debug\rc.write.1.tlog
C:\USERS\ASHAR SARWAR\DOCUMENTS\VISUAL STUDIO 2010\PROJECTS\POINTS\POINTS\DEBUG\STDAFX.OBJ
C:\Users\Ashar Sarwar\documents\visual studio 2010\Projects\Points\Points\Debug\vc100.idb
C:\USERS\ASHAR SARWAR\DOCUMENTS\VISUAL STUDIO 2010\PROJECTS\POINTS\POINTS\DEBUG\VC100.PDB
