Build started 21-Apr-18 12:23:08 AM.
     1>Project "C:\Users\Ashar Sarwar\documents\visual studio 2010\Projects\Rational\Rational\Rational.vcxproj" on node 2 (build target(s)).
     1>InitializeBuildStatus:
         Touching "Debug\Rational.unsuccessfulbuild".
       ClCompile:
         All outputs are up-to-date.
         C:\Program Files (x86)\Microsoft Visual Studio 10.0\VC\bin\CL.exe /c /ZI /nologo /W3 /WX- /Od /Oy- /D WIN32 /D _DEBUG /D _CONSOLE /D _UNICODE /D UNICODE /Gm /EHsc /RTC1 /MDd /GS /fp:precise /Zc:wchar_t /Zc:forScope /Yu"StdAfx.h" /Fp"Debug\Rational.pch" /Fo"Debug\\" /Fd"Debug\vc100.pdb" /Gd /TP /analyze- /errorReport:prompt Rational.cpp
         Rational.cpp
       ManifestResourceCompile:
         C:\Program Files (x86)\Microsoft SDKs\Windows\v7.0A\bin\rc.exe /nologo /fo"Debug\Rational.exe.embed.manifest.res" Debug\Rational_manifest.rc 
       Link:
         C:\Program Files (x86)\Microsoft Visual Studio 10.0\VC\bin\link.exe /ERRORREPORT:PROMPT /OUT:"C:\Users\Ashar Sarwar\documents\visual studio 2010\Projects\Rational\Debug\Rational.exe" /INCREMENTAL /NOLOGO kernel32.lib user32.lib gdi32.lib winspool.lib comdlg32.lib advapi32.lib shell32.lib ole32.lib oleaut32.lib uuid.lib odbc32.lib odbccp32.lib /MANIFEST /ManifestFile:"Debug\Rational.exe.intermediate.manifest" /MANIFESTUAC:"level='asInvoker' uiAccess='false'" /DEBUG /PDB:"C:\Users\Ashar Sarwar\documents\visual studio 2010\Projects\Rational\Debug\Rational.pdb" /SUBSYSTEM:CONSOLE /TLBID:1 /DYNAMICBASE /NXCOMPAT /IMPLIB:"C:\Users\Ashar Sarwar\documents\visual studio 2010\Projects\Rational\Debug\Rational.lib" /MACHINE:X86 Debug\Rational.exe.embed.manifest.res
         Debug\Rational.obj
         Debug\stdafx.obj
       Manifest:
         C:\Program Files (x86)\Microsoft SDKs\Windows\v7.0A\bin\mt.exe /nologo /verbose /out:"Debug\Rational.exe.embed.manifest" /manifest Debug\Rational.exe.intermediate.manifest
         C:\Program Files (x86)\Microsoft SDKs\Windows\v7.0A\bin\rc.exe /nologo /fo"Debug\Rational.exe.embed.manifest.res" Debug\Rational_manifest.rc 
       LinkEmbedManifest:
         C:\Program Files (x86)\Microsoft Visual Studio 10.0\VC\bin\link.exe /ERRORREPORT:PROMPT /OUT:"C:\Users\Ashar Sarwar\documents\visual studio 2010\Projects\Rational\Debug\Rational.exe" /INCREMENTAL /NOLOGO kernel32.lib user32.lib gdi32.lib winspool.lib comdlg32.lib advapi32.lib shell32.lib ole32.lib oleaut32.lib uuid.lib odbc32.lib odbccp32.lib /MANIFEST /ManifestFile:"Debug\Rational.exe.intermediate.manifest" /MANIFESTUAC:"level='asInvoker' uiAccess='false'" /DEBUG /PDB:"C:\Users\Ashar Sarwar\documents\visual studio 2010\Projects\Rational\Debug\Rational.pdb" /SUBSYSTEM:CONSOLE /TLBID:1 /DYNAMICBASE /NXCOMPAT /IMPLIB:"C:\Users\Ashar Sarwar\documents\visual studio 2010\Projects\Rational\Debug\Rational.lib" /MACHINE:X86 Debug\Rational.exe.embed.manifest.res
         Debug\Rational.obj
         Debug\stdafx.obj
         Rational.vcxproj -> C:\Users\Ashar Sarwar\documents\visual studio 2010\Projects\Rational\Debug\Rational.exe
       FinalizeBuildStatus:
         Deleting file "Debug\Rational.unsuccessfulbuild".
         Touching "Debug\Rational.lastbuildstate".
     1>Done Building Project "C:\Users\Ashar Sarwar\documents\visual studio 2010\Projects\Rational\Rational\Rational.vcxproj" (build target(s)).

Build succeeded.

Time Elapsed 00:00:04.10
