Build started 06-Apr-18 1:43:02 PM.
     1>Project "C:\Users\Ashar Sarwar\documents\visual studio 2010\Projects\Thingwala\Thingwala\Thingwala.vcxproj" on node 2 (build target(s)).
     1>InitializeBuildStatus:
         Touching "Debug\Thingwala.unsuccessfulbuild".
       ClCompile:
         All outputs are up-to-date.
         C:\Program Files (x86)\Microsoft Visual Studio 10.0\VC\bin\CL.exe /c /ZI /nologo /W3 /WX- /Od /Oy- /D WIN32 /D _DEBUG /D _CONSOLE /D _UNICODE /D UNICODE /Gm /EHsc /RTC1 /MDd /GS /fp:precise /Zc:wchar_t /Zc:forScope /Yu"StdAfx.h" /Fp"Debug\Thingwala.pch" /Fo"Debug\\" /Fd"Debug\vc100.pdb" /Gd /TP /analyze- /errorReport:prompt Thingwala.cpp
         Thingwala.cpp
       ManifestResourceCompile:
         All outputs are up-to-date.
       Link:
         C:\Program Files (x86)\Microsoft Visual Studio 10.0\VC\bin\link.exe /ERRORREPORT:PROMPT /OUT:"C:\Users\Ashar Sarwar\documents\visual studio 2010\Projects\Thingwala\Debug\Thingwala.exe" /INCREMENTAL /NOLOGO kernel32.lib user32.lib gdi32.lib winspool.lib comdlg32.lib advapi32.lib shell32.lib ole32.lib oleaut32.lib uuid.lib odbc32.lib odbccp32.lib /MANIFEST /ManifestFile:"Debug\Thingwala.exe.intermediate.manifest" /MANIFESTUAC:"level='asInvoker' uiAccess='false'" /DEBUG /PDB:"C:\Users\Ashar Sarwar\documents\visual studio 2010\Projects\Thingwala\Debug\Thingwala.pdb" /SUBSYSTEM:CONSOLE /TLBID:1 /DYNAMICBASE /NXCOMPAT /IMPLIB:"C:\Users\Ashar Sarwar\documents\visual studio 2010\Projects\Thingwala\Debug\Thingwala.lib" /MACHINE:X86 Debug\Thingwala.exe.embed.manifest.res
         Debug\stdafx.obj
         Debug\Thingwala.obj
       Manifest:
         C:\Program Files (x86)\Microsoft SDKs\Windows\v7.0A\bin\mt.exe /nologo /verbose /out:"Debug\Thingwala.exe.embed.manifest" /manifest Debug\Thingwala.exe.intermediate.manifest
         All outputs are up-to-date.
       LinkEmbedManifest:
         All outputs are up-to-date.
         Thingwala.vcxproj -> C:\Users\Ashar Sarwar\documents\visual studio 2010\Projects\Thingwala\Debug\Thingwala.exe
       FinalizeBuildStatus:
         Deleting file "Debug\Thingwala.unsuccessfulbuild".
         Touching "Debug\Thingwala.lastbuildstate".
     1>Done Building Project "C:\Users\Ashar Sarwar\documents\visual studio 2010\Projects\Thingwala\Thingwala\Thingwala.vcxproj" (build target(s)).

Build succeeded.

Time Elapsed 00:00:02.32
