C:\USERS\ASHAR SARWAR\DOCUMENTS\VISUAL STUDIO 2010\PROJECTS\CAR\CAR\DEBUG\CAR.EXE.EMBED.MANIFEST
C:\USERS\ASHAR SARWAR\DOCUMENTS\VISUAL STUDIO 2010\PROJECTS\CAR\CAR\DEBUG\CAR.EXE.EMBED.MANIFEST.RES
C:\USERS\ASHAR SARWAR\DOCUMENTS\VISUAL STUDIO 2010\PROJECTS\CAR\CAR\DEBUG\CAR.EXE.INTERMEDIATE.MANIFEST
C:\USERS\ASHAR SARWAR\DOCUMENTS\VISUAL STUDIO 2010\PROJECTS\CAR\CAR\DEBUG\CAR.OBJ
C:\USERS\ASHAR SARWAR\DOCUMENTS\VISUAL STUDIO 2010\PROJECTS\CAR\CAR\DEBUG\CAR.PCH
C:\Users\Ashar Sarwar\Documents\Visual Studio 2010\Projects\car\car\Debug\car.write.1.tlog
C:\Users\Ashar Sarwar\Documents\Visual Studio 2010\Projects\car\car\Debug\car_manifest.rc
C:\Users\Ashar Sarwar\Documents\Visual Studio 2010\Projects\car\car\Debug\cl.command.1.tlog
C:\Users\Ashar Sarwar\Documents\Visual Studio 2010\Projects\car\car\Debug\CL.read.1.tlog
C:\Users\Ashar Sarwar\Documents\Visual Studio 2010\Projects\car\car\Debug\CL.write.1.tlog
C:\Users\Ashar Sarwar\Documents\Visual Studio 2010\Projects\car\car\Debug\link.3408.read.1.tlog
C:\Users\Ashar Sarwar\Documents\Visual Studio 2010\Projects\car\car\Debug\link.3408.write.1.tlog
C:\Users\Ashar Sarwar\Documents\Visual Studio 2010\Projects\car\car\Debug\link.3408-cvtres.read.1.tlog
C:\Users\Ashar Sarwar\Documents\Visual Studio 2010\Projects\car\car\Debug\link.3408-cvtres.write.1.tlog
C:\Users\Ashar Sarwar\Documents\Visual Studio 2010\Projects\car\car\Debug\link.command.1.tlog
C:\Users\Ashar Sarwar\Documents\Visual Studio 2010\Projects\car\car\Debug\link.read.1.tlog
C:\Users\Ashar Sarwar\Documents\Visual Studio 2010\Projects\car\car\Debug\link.write.1.tlog
C:\Users\Ashar Sarwar\Documents\Visual Studio 2010\Projects\car\car\Debug\link-cvtres.read.1.tlog
C:\Users\Ashar Sarwar\Documents\Visual Studio 2010\Projects\car\car\Debug\link-cvtres.write.1.tlog
C:\Users\Ashar Sarwar\Documents\Visual Studio 2010\Projects\car\car\Debug\mt.command.1.tlog
C:\Users\Ashar Sarwar\Documents\Visual Studio 2010\Projects\car\car\Debug\mt.read.1.tlog
C:\Users\Ashar Sarwar\Documents\Visual Studio 2010\Projects\car\car\Debug\mt.write.1.tlog
C:\Users\Ashar Sarwar\Documents\Visual Studio 2010\Projects\car\car\Debug\rc.command.1.tlog
C:\Users\Ashar Sarwar\Documents\Visual Studio 2010\Projects\car\car\Debug\rc.read.1.tlog
C:\Users\Ashar Sarwar\Documents\Visual Studio 2010\Projects\car\car\Debug\rc.write.1.tlog
C:\USERS\ASHAR SARWAR\DOCUMENTS\VISUAL STUDIO 2010\PROJECTS\CAR\CAR\DEBUG\STDAFX.OBJ
C:\Users\Ashar Sarwar\Documents\Visual Studio 2010\Projects\car\car\Debug\vc100.idb
C:\USERS\ASHAR SARWAR\DOCUMENTS\VISUAL STUDIO 2010\PROJECTS\CAR\CAR\DEBUG\VC100.PDB
C:\USERS\ASHAR SARWAR\DOCUMENTS\VISUAL STUDIO 2010\PROJECTS\CAR\DEBUG\CAR.EXE
C:\USERS\ASHAR SARWAR\DOCUMENTS\VISUAL STUDIO 2010\PROJECTS\CAR\DEBUG\CAR.ILK
C:\USERS\ASHAR SARWAR\DOCUMENTS\VISUAL STUDIO 2010\PROJECTS\CAR\DEBUG\CAR.PDB
