Build started 02-May-18 3:36:35 PM.
     1>Project "c:\Users\ashar sarwar\documents\visual studio 2010\Projects\random2\random2\random2.vcxproj" on node 2 (build target(s)).
     1>InitializeBuildStatus:
         Creating "Debug\random2.unsuccessfulbuild" because "AlwaysCreate" was specified.
       ClCompile:
         All outputs are up-to-date.
         C:\Program Files (x86)\Microsoft Visual Studio 10.0\VC\bin\CL.exe /c /ZI /nologo /W3 /WX- /Od /Oy- /D WIN32 /D _DEBUG /D _CONSOLE /D _UNICODE /D UNICODE /Gm /EHsc /RTC1 /MDd /GS /fp:precise /Zc:wchar_t /Zc:forScope /Yu"StdAfx.h" /Fp"Debug\random2.pch" /Fo"Debug\\" /Fd"Debug\vc100.pdb" /Gd /TP /analyze- /errorReport:prompt random2.cpp
         random2.cpp
       ManifestResourceCompile:
         All outputs are up-to-date.
       Link:
         C:\Program Files (x86)\Microsoft Visual Studio 10.0\VC\bin\link.exe /ERRORREPORT:PROMPT /OUT:"c:\users\ashar sarwar\documents\visual studio 2010\Projects\random2\Debug\random2.exe" /INCREMENTAL /NOLOGO kernel32.lib user32.lib gdi32.lib winspool.lib comdlg32.lib advapi32.lib shell32.lib ole32.lib oleaut32.lib uuid.lib odbc32.lib odbccp32.lib /MANIFEST /ManifestFile:"Debug\random2.exe.intermediate.manifest" /MANIFESTUAC:"level='asInvoker' uiAccess='false'" /DEBUG /PDB:"c:\users\ashar sarwar\documents\visual studio 2010\Projects\random2\Debug\random2.pdb" /SUBSYSTEM:CONSOLE /TLBID:1 /DYNAMICBASE /NXCOMPAT /IMPLIB:"c:\users\ashar sarwar\documents\visual studio 2010\Projects\random2\Debug\random2.lib" /MACHINE:X86 Debug\random2.exe.embed.manifest.res
         Debug\random2.obj
         Debug\stdafx.obj
       Manifest:
         C:\Program Files (x86)\Microsoft SDKs\Windows\v7.0A\bin\mt.exe /nologo /verbose /out:"Debug\random2.exe.embed.manifest" /manifest Debug\random2.exe.intermediate.manifest
         All outputs are up-to-date.
       LinkEmbedManifest:
         All outputs are up-to-date.
         random2.vcxproj -> c:\users\ashar sarwar\documents\visual studio 2010\Projects\random2\Debug\random2.exe
       FinalizeBuildStatus:
         Deleting file "Debug\random2.unsuccessfulbuild".
         Touching "Debug\random2.lastbuildstate".
     1>Done Building Project "c:\Users\ashar sarwar\documents\visual studio 2010\Projects\random2\random2\random2.vcxproj" (build target(s)).

Build succeeded.

Time Elapsed 00:00:02.52
