Build started 20-Mar-18 8:57:08 PM.
     1>Project "c:\Users\ashar sarwar\documents\visual studio 2010\Projects\random 2\random 2\random 2.vcxproj" on node 2 (build target(s)).
     1>InitializeBuildStatus:
         Touching "Debug\random 2.unsuccessfulbuild".
       ClCompile:
         All outputs are up-to-date.
         C:\Program Files (x86)\Microsoft Visual Studio 10.0\VC\bin\CL.exe /c /ZI /nologo /W3 /WX- /Od /Oy- /D WIN32 /D _DEBUG /D _CONSOLE /D _UNICODE /D UNICODE /Gm /EHsc /RTC1 /MDd /GS /fp:precise /Zc:wchar_t /Zc:forScope /Yu"StdAfx.h" /Fp"Debug\random 2.pch" /Fo"Debug\\" /Fd"Debug\vc100.pdb" /Gd /TP /analyze- /errorReport:prompt "random 2.cpp"
         random 2.cpp
       ManifestResourceCompile:
         C:\Program Files (x86)\Microsoft SDKs\Windows\v7.0A\bin\rc.exe /nologo /fo"Debug\random 2.exe.embed.manifest.res" "Debug\random 2_manifest.rc" 
       Link:
         C:\Program Files (x86)\Microsoft Visual Studio 10.0\VC\bin\link.exe /ERRORREPORT:PROMPT /OUT:"c:\users\ashar sarwar\documents\visual studio 2010\Projects\random 2\Debug\random 2.exe" /INCREMENTAL /NOLOGO kernel32.lib user32.lib gdi32.lib winspool.lib comdlg32.lib advapi32.lib shell32.lib ole32.lib oleaut32.lib uuid.lib odbc32.lib odbccp32.lib /MANIFEST /ManifestFile:"Debug\random 2.exe.intermediate.manifest" /MANIFESTUAC:"level='asInvoker' uiAccess='false'" /DEBUG /PDB:"c:\users\ashar sarwar\documents\visual studio 2010\Projects\random 2\Debug\random 2.pdb" /SUBSYSTEM:CONSOLE /TLBID:1 /DYNAMICBASE /NXCOMPAT /IMPLIB:"c:\users\ashar sarwar\documents\visual studio 2010\Projects\random 2\Debug\random 2.lib" /MACHINE:X86 "Debug\random 2.exe.embed.manifest.res"
         "Debug\random 2.obj"
         Debug\stdafx.obj
       Manifest:
         C:\Program Files (x86)\Microsoft SDKs\Windows\v7.0A\bin\mt.exe /nologo /verbose /out:"Debug\random 2.exe.embed.manifest" /manifest "Debug\random 2.exe.intermediate.manifest"
         C:\Program Files (x86)\Microsoft SDKs\Windows\v7.0A\bin\rc.exe /nologo /fo"Debug\random 2.exe.embed.manifest.res" "Debug\random 2_manifest.rc" 
       LinkEmbedManifest:
         C:\Program Files (x86)\Microsoft Visual Studio 10.0\VC\bin\link.exe /ERRORREPORT:PROMPT /OUT:"c:\users\ashar sarwar\documents\visual studio 2010\Projects\random 2\Debug\random 2.exe" /INCREMENTAL /NOLOGO kernel32.lib user32.lib gdi32.lib winspool.lib comdlg32.lib advapi32.lib shell32.lib ole32.lib oleaut32.lib uuid.lib odbc32.lib odbccp32.lib /MANIFEST /ManifestFile:"Debug\random 2.exe.intermediate.manifest" /MANIFESTUAC:"level='asInvoker' uiAccess='false'" /DEBUG /PDB:"c:\users\ashar sarwar\documents\visual studio 2010\Projects\random 2\Debug\random 2.pdb" /SUBSYSTEM:CONSOLE /TLBID:1 /DYNAMICBASE /NXCOMPAT /IMPLIB:"c:\users\ashar sarwar\documents\visual studio 2010\Projects\random 2\Debug\random 2.lib" /MACHINE:X86 "Debug\random 2.exe.embed.manifest.res"
         "Debug\random 2.obj"
         Debug\stdafx.obj
         random 2.vcxproj -> c:\users\ashar sarwar\documents\visual studio 2010\Projects\random 2\Debug\random 2.exe
       FinalizeBuildStatus:
         Deleting file "Debug\random 2.unsuccessfulbuild".
         Touching "Debug\random 2.lastbuildstate".
     1>Done Building Project "c:\Users\ashar sarwar\documents\visual studio 2010\Projects\random 2\random 2\random 2.vcxproj" (build target(s)).

Build succeeded.

Time Elapsed 00:00:02.99
