Build started 14-May-18 5:38:40 PM.
     1>Project "C:\Users\Ashar Sarwar\Documents\Visual Studio 2010\Projects\paycut\paycut\paycut.vcxproj" on node 2 (build target(s)).
     1>InitializeBuildStatus:
         Creating "Debug\paycut.unsuccessfulbuild" because "AlwaysCreate" was specified.
       ClCompile:
         All outputs are up-to-date.
         C:\Program Files (x86)\Microsoft Visual Studio 10.0\VC\bin\CL.exe /c /ZI /nologo /W3 /WX- /Od /Oy- /D WIN32 /D _DEBUG /D _CONSOLE /D _UNICODE /D UNICODE /Gm /EHsc /RTC1 /MDd /GS /fp:precise /Zc:wchar_t /Zc:forScope /Yu"StdAfx.h" /Fp"Debug\paycut.pch" /Fo"Debug\\" /Fd"Debug\vc100.pdb" /Gd /TP /analyze- /errorReport:prompt paycut.cpp
         paycut.cpp
     1>c:\users\ashar sarwar\documents\visual studio 2010\projects\paycut\paycut\manager.h(10): warning C4244: 'argument' : conversion from 'int' to 'float', possible loss of data
       ManifestResourceCompile:
         All outputs are up-to-date.
       Link:
         C:\Program Files (x86)\Microsoft Visual Studio 10.0\VC\bin\link.exe /ERRORREPORT:PROMPT /OUT:"C:\Users\Ashar Sarwar\Documents\Visual Studio 2010\Projects\paycut\Debug\paycut.exe" /INCREMENTAL /NOLOGO kernel32.lib user32.lib gdi32.lib winspool.lib comdlg32.lib advapi32.lib shell32.lib ole32.lib oleaut32.lib uuid.lib odbc32.lib odbccp32.lib /MANIFEST /ManifestFile:"Debug\paycut.exe.intermediate.manifest" /MANIFESTUAC:"level='asInvoker' uiAccess='false'" /DEBUG /PDB:"C:\Users\Ashar Sarwar\Documents\Visual Studio 2010\Projects\paycut\Debug\paycut.pdb" /SUBSYSTEM:CONSOLE /TLBID:1 /DYNAMICBASE /NXCOMPAT /IMPLIB:"C:\Users\Ashar Sarwar\Documents\Visual Studio 2010\Projects\paycut\Debug\paycut.lib" /MACHINE:X86 Debug\paycut.exe.embed.manifest.res
         Debug\paycut.obj
         Debug\stdafx.obj
       Manifest:
         C:\Program Files (x86)\Microsoft SDKs\Windows\v7.0A\bin\mt.exe /nologo /verbose /out:"Debug\paycut.exe.embed.manifest" /manifest Debug\paycut.exe.intermediate.manifest
         All outputs are up-to-date.
       LinkEmbedManifest:
         All outputs are up-to-date.
         paycut.vcxproj -> C:\Users\Ashar Sarwar\Documents\Visual Studio 2010\Projects\paycut\Debug\paycut.exe
       FinalizeBuildStatus:
         Deleting file "Debug\paycut.unsuccessfulbuild".
         Touching "Debug\paycut.lastbuildstate".
     1>Done Building Project "C:\Users\Ashar Sarwar\Documents\Visual Studio 2010\Projects\paycut\paycut\paycut.vcxproj" (build target(s)).

Build succeeded.

Time Elapsed 00:00:01.39
