Build started 09-May-18 3:00:10 AM.
     1>Project "C:\Users\Ashar Sarwar\Documents\Visual Studio 2010\Projects\supermanager\supermanager\supermanager.vcxproj" on node 2 (build target(s)).
     1>InitializeBuildStatus:
         Touching "Debug\supermanager.unsuccessfulbuild".
       ClCompile:
         All outputs are up-to-date.
         C:\Program Files (x86)\Microsoft Visual Studio 10.0\VC\bin\CL.exe /c /ZI /nologo /W3 /WX- /Od /Oy- /D WIN32 /D _DEBUG /D _CONSOLE /D _UNICODE /D UNICODE /Gm /EHsc /RTC1 /MDd /GS /fp:precise /Zc:wchar_t /Zc:forScope /Yu"StdAfx.h" /Fp"Debug\supermanager.pch" /Fo"Debug\\" /Fd"Debug\vc100.pdb" /Gd /TP /analyze- /errorReport:prompt supermanager.cpp
         supermanager.cpp
     1>c:\users\ashar sarwar\documents\visual studio 2010\projects\supermanager\supermanager\manager.h(7): warning C4244: '=' : conversion from 'float' to 'int', possible loss of data
       ManifestResourceCompile:
         C:\Program Files (x86)\Microsoft SDKs\Windows\v7.0A\bin\rc.exe /nologo /fo"Debug\supermanager.exe.embed.manifest.res" Debug\supermanager_manifest.rc 
       Link:
         C:\Program Files (x86)\Microsoft Visual Studio 10.0\VC\bin\link.exe /ERRORREPORT:PROMPT /OUT:"C:\Users\Ashar Sarwar\Documents\Visual Studio 2010\Projects\supermanager\Debug\supermanager.exe" /INCREMENTAL /NOLOGO kernel32.lib user32.lib gdi32.lib winspool.lib comdlg32.lib advapi32.lib shell32.lib ole32.lib oleaut32.lib uuid.lib odbc32.lib odbccp32.lib /MANIFEST /ManifestFile:"Debug\supermanager.exe.intermediate.manifest" /MANIFESTUAC:"level='asInvoker' uiAccess='false'" /DEBUG /PDB:"C:\Users\Ashar Sarwar\Documents\Visual Studio 2010\Projects\supermanager\Debug\supermanager.pdb" /SUBSYSTEM:CONSOLE /TLBID:1 /DYNAMICBASE /NXCOMPAT /IMPLIB:"C:\Users\Ashar Sarwar\Documents\Visual Studio 2010\Projects\supermanager\Debug\supermanager.lib" /MACHINE:X86 Debug\supermanager.exe.embed.manifest.res
         Debug\stdafx.obj
         Debug\supermanager.obj
       Manifest:
         C:\Program Files (x86)\Microsoft SDKs\Windows\v7.0A\bin\mt.exe /nologo /verbose /out:"Debug\supermanager.exe.embed.manifest" /manifest Debug\supermanager.exe.intermediate.manifest
         C:\Program Files (x86)\Microsoft SDKs\Windows\v7.0A\bin\rc.exe /nologo /fo"Debug\supermanager.exe.embed.manifest.res" Debug\supermanager_manifest.rc 
       LinkEmbedManifest:
         C:\Program Files (x86)\Microsoft Visual Studio 10.0\VC\bin\link.exe /ERRORREPORT:PROMPT /OUT:"C:\Users\Ashar Sarwar\Documents\Visual Studio 2010\Projects\supermanager\Debug\supermanager.exe" /INCREMENTAL /NOLOGO kernel32.lib user32.lib gdi32.lib winspool.lib comdlg32.lib advapi32.lib shell32.lib ole32.lib oleaut32.lib uuid.lib odbc32.lib odbccp32.lib /MANIFEST /ManifestFile:"Debug\supermanager.exe.intermediate.manifest" /MANIFESTUAC:"level='asInvoker' uiAccess='false'" /DEBUG /PDB:"C:\Users\Ashar Sarwar\Documents\Visual Studio 2010\Projects\supermanager\Debug\supermanager.pdb" /SUBSYSTEM:CONSOLE /TLBID:1 /DYNAMICBASE /NXCOMPAT /IMPLIB:"C:\Users\Ashar Sarwar\Documents\Visual Studio 2010\Projects\supermanager\Debug\supermanager.lib" /MACHINE:X86 Debug\supermanager.exe.embed.manifest.res
         Debug\stdafx.obj
         Debug\supermanager.obj
         supermanager.vcxproj -> C:\Users\Ashar Sarwar\Documents\Visual Studio 2010\Projects\supermanager\Debug\supermanager.exe
       FinalizeBuildStatus:
         Deleting file "Debug\supermanager.unsuccessfulbuild".
         Touching "Debug\supermanager.lastbuildstate".
     1>Done Building Project "C:\Users\Ashar Sarwar\Documents\Visual Studio 2010\Projects\supermanager\supermanager\supermanager.vcxproj" (build target(s)).

Build succeeded.

Time Elapsed 00:00:02.06
