Build started 14-May-18 3:25:46 PM.
     1>Project "C:\Users\Ashar Sarwar\Documents\Visual Studio 2010\Projects\table-lamp\table-lamp\table-lamp.vcxproj" on node 2 (build target(s)).
     1>InitializeBuildStatus:
         Creating "Debug\table-lamp.unsuccessfulbuild" because "AlwaysCreate" was specified.
       ClCompile:
         All outputs are up-to-date.
         C:\Program Files (x86)\Microsoft Visual Studio 10.0\VC\bin\CL.exe /c /ZI /nologo /W3 /WX- /Od /Oy- /D WIN32 /D _DEBUG /D _CONSOLE /D _UNICODE /D UNICODE /Gm /EHsc /RTC1 /MDd /GS /fp:precise /Zc:wchar_t /Zc:forScope /Yu"StdAfx.h" /Fp"Debug\table-lamp.pch" /Fo"Debug\\" /Fd"Debug\vc100.pdb" /Gd /TP /analyze- /errorReport:prompt "table-lamp.cpp"
         table-lamp.cpp
       ManifestResourceCompile:
         All outputs are up-to-date.
       Link:
         C:\Program Files (x86)\Microsoft Visual Studio 10.0\VC\bin\link.exe /ERRORREPORT:PROMPT /OUT:"C:\Users\Ashar Sarwar\Documents\Visual Studio 2010\Projects\table-lamp\Debug\table-lamp.exe" /INCREMENTAL /NOLOGO kernel32.lib user32.lib gdi32.lib winspool.lib comdlg32.lib advapi32.lib shell32.lib ole32.lib oleaut32.lib uuid.lib odbc32.lib odbccp32.lib /MANIFEST /ManifestFile:"Debug\table-lamp.exe.intermediate.manifest" /MANIFESTUAC:"level='asInvoker' uiAccess='false'" /DEBUG /PDB:"C:\Users\Ashar Sarwar\Documents\Visual Studio 2010\Projects\table-lamp\Debug\table-lamp.pdb" /SUBSYSTEM:CONSOLE /TLBID:1 /DYNAMICBASE /NXCOMPAT /IMPLIB:"C:\Users\Ashar Sarwar\Documents\Visual Studio 2010\Projects\table-lamp\Debug\table-lamp.lib" /MACHINE:X86 "Debug\table-lamp.exe.embed.manifest.res"
         Debug\stdafx.obj
         "Debug\table-lamp.obj"
       Manifest:
         C:\Program Files (x86)\Microsoft SDKs\Windows\v7.0A\bin\mt.exe /nologo /verbose /out:"Debug\table-lamp.exe.embed.manifest" /manifest "Debug\table-lamp.exe.intermediate.manifest"
         All outputs are up-to-date.
       LinkEmbedManifest:
         All outputs are up-to-date.
         table-lamp.vcxproj -> C:\Users\Ashar Sarwar\Documents\Visual Studio 2010\Projects\table-lamp\Debug\table-lamp.exe
       FinalizeBuildStatus:
         Deleting file "Debug\table-lamp.unsuccessfulbuild".
         Touching "Debug\table-lamp.lastbuildstate".
     1>Done Building Project "C:\Users\Ashar Sarwar\Documents\Visual Studio 2010\Projects\table-lamp\table-lamp\table-lamp.vcxproj" (build target(s)).

Build succeeded.

Time Elapsed 00:00:01.31
